\BOOKMARK [0][-]{chapter*.2}{\376\377\122\115\212\000}{}% 1
\BOOKMARK [0][-]{chapter.1}{\376\377\232\330\145\257\155\210\121\103\154\325\000\040\000\173\000G\000a\000u\000s\000s\000i\000a\000n\000\040\000e\000l\000i\000m\000i\000n\000a\000t\000i\000o\000n\000\175}{}% 2
\BOOKMARK [1][-]{section.1.1}{\376\377\145\160\133\146}{chapter.1}% 3
\BOOKMARK [1][-]{section.1.2}{\376\377\213\241\173\227}{chapter.1}% 4
\BOOKMARK [0][-]{chapter.2}{\376\377\000C\000h\000o\000l\000e\000s\000k\000y\122\006\211\343\000\040\000\173\000C\000h\000o\000l\000e\000s\000k\000y\000\040\000d\000e\000c\000o\000m\000p\000o\000s\000i\000t\000i\000o\000n\000\175}{}% 5
\BOOKMARK [1][-]{section.2.1}{\376\377\000A\000\136\000\173\000T\000\175\000A}{chapter.2}% 6
\BOOKMARK [1][-]{section.2.2}{\376\377\133\371\171\360}{chapter.2}% 7
\BOOKMARK [1][-]{section.2.3}{\376\377\153\143\133\232\167\351\226\065}{chapter.2}% 8
\BOOKMARK [1][-]{section.2.4}{\376\377\000C\000h\000o\000l\000e\000s\000k\000y\122\006\211\343}{chapter.2}% 9
\BOOKMARK [1][-]{section.2.5}{\376\377\213\241\173\227}{chapter.2}% 10
\BOOKMARK [0][-]{chapter.3}{\376\377\000Q\000R\000\040\122\006\211\343}{}% 11
\BOOKMARK [1][-]{section.3.1}{\376\377\000G\000r\000a\000m\000-\000S\000c\000h\000m\000i\000d\000t}{chapter.3}% 12
\BOOKMARK [1][-]{section.3.2}{\376\377\000H\000o\000u\000s\000e\000h\000o\000l\000d\000e\000r\123\330\143\142}{chapter.3}% 13
\BOOKMARK [1][-]{section.3.3}{\376\377\213\241\173\227}{chapter.3}% 14
\BOOKMARK [0][-]{chapter.4}{\376\377\162\171\137\201\122\006\211\343\000\040\000\173\000E\000i\000g\000e\000n\000\040\000d\000e\000c\000o\000m\000p\000o\000s\000i\000t\000i\000o\000n\000\175}{}% 15
\BOOKMARK [1][-]{section.4.1}{\376\377\121\372\163\260\123\237\126\340}{chapter.4}% 16
\BOOKMARK [1][-]{section.4.2}{\376\377\133\232\116\111}{chapter.4}% 17
\BOOKMARK [1][-]{section.4.3}{\376\377\213\241\173\227}{chapter.4}% 18
\BOOKMARK [0][-]{chapter.5}{\376\377\131\107\137\002\120\074\122\006\211\343\000\040\000\173\000S\000V\000D\000\040\000d\000e\000c\000o\000m\000p\000o\000s\000i\000t\000i\000o\000n\000\175}{}% 19
\BOOKMARK [1][-]{section.5.1}{\376\377\137\025\121\145}{chapter.5}% 20
\BOOKMARK [1][-]{section.5.2}{\376\377\164\006\211\343}{chapter.5}% 21
\BOOKMARK [1][-]{section.5.3}{\376\377\213\241\173\227}{chapter.5}% 22
\BOOKMARK [1][-]{section.5.4}{\376\377\136\224\165\050}{chapter.5}% 23
\BOOKMARK [1][-]{section.5.5}{\376\377\117\213\133\120}{chapter.5}% 24
\BOOKMARK [0][-]{chapter.6}{\376\377\131\107\137\002\120\074\122\006\211\343\166\204\136\224\165\050\000\040\000\173\000S\000V\000D\000\040\000a\000p\000p\000l\000i\000c\000a\000t\000i\000o\000n\000\175}{}% 25
\BOOKMARK [1][-]{section.6.1}{\376\377\000R\000i\000g\000i\000d\000\040\000A\000l\000i\000g\000n\000m\000e\000n\000t\000\040\000/\000\040\000P\000r\000o\000c\000r\000u\000s\000t\000e\000s\000\040\000P\000r\000o\000b\000l\000e\000m}{chapter.6}% 26
\BOOKMARK [1][-]{section.6.2}{\376\377\000A\000P\000A\000R}{chapter.6}% 27
\BOOKMARK [1][-]{section.6.3}{\376\377\000P\000C\000A}{chapter.6}% 28
\BOOKMARK [1][-]{section.6.4}{\376\377\126\376\120\317\123\213\177\051}{chapter.6}% 29
\BOOKMARK [0][-]{chapter.7}{\376\377\167\351\226\065\122\006\211\343\000\040\000\173\000m\000a\000t\000i\000r\000x\000\040\000a\000p\000p\000l\000i\000c\000a\000t\000i\000o\000n\000\175}{}% 30
\BOOKMARK [1][-]{section.7.1}{\376\377\133\232\116\111}{chapter.7}% 31
\BOOKMARK [1][-]{section.7.2}{\376\377\122\006\211\343}{chapter.7}% 32
